<?xml version="1.0" encoding="UTF-8"?>
<!-- Generated by org.testng.reporters.JUnitXMLReporter -->
<testsuite ignored="8" hostname="LIN80025068" failures="1" tests="3" name="test1" time="29.485" errors="0" timestamp="2022-08-16T17:53:15 IST">
  <testcase classname="testScenarios.IrctcHomePageTestt" name="homePageOperation" time="3.024"/>
  <testcase classname="testScenarios.IrctcBookPageTest" name="bookPageOperation" time="1.615"/>
  <testcase classname="testScenarios.IrctcLoginPageTest" name="loginPageOperation" time="17.456">
    <failure type="java.lang.AssertionError">
      <![CDATA[java.lang.AssertionError
at org.junit.Assert.fail(Assert.java:87)
at org.junit.Assert.assertTrue(Assert.java:42)
at org.junit.Assert.assertTrue(Assert.java:53)
at PageObject.IrctcLoginPage.invalidLogin(IrctcLoginPage.java:66)
at testScenarios.IrctcLoginPageTest.loginPageOperation(IrctcLoginPageTest.java:25)
at java.base/java.util.ArrayList.forEach(ArrayList.java:1511)
... Removed 27 stack frames]]>
    </failure>
  </testcase> <!-- loginPageOperation -->
  <testcase classname="testScenarios.Driver" name="@AfterTest endReport" time="0.0">
    <ignored/>
  </testcase> <!-- @AfterTest endReport -->
  <testcase classname="testScenarios.Driver" name="@AfterTest endReport" time="0.0">
    <ignored/>
  </testcase> <!-- @AfterTest endReport -->
  <testcase classname="testScenarios.Driver" name="@BeforeTest setExtent" time="0.0">
    <ignored/>
  </testcase> <!-- @BeforeTest setExtent -->
  <testcase classname="testScenarios.Driver" name="@BeforeTest setExtent" time="0.0">
    <ignored/>
  </testcase> <!-- @BeforeTest setExtent -->
  <testcase classname="testScenarios.Driver" name="@BeforeTest setUp" time="0.0">
    <ignored/>
  </testcase> <!-- @BeforeTest setUp -->
  <testcase classname="testScenarios.Driver" name="@BeforeTest setUp" time="0.0">
    <ignored/>
  </testcase> <!-- @BeforeTest setUp -->
  <testcase classname="testScenarios.Driver" name="@AfterTest TeardownTest" time="0.0">
    <ignored/>
  </testcase> <!-- @AfterTest TeardownTest -->
  <testcase classname="testScenarios.Driver" name="@AfterTest TeardownTest" time="0.0">
    <ignored/>
  </testcase> <!-- @AfterTest TeardownTest -->
</testsuite> <!-- test1 -->
